<?xml version="1.0" encoding="UTF-8"?>
<testsuite name="sml.SubInstructionTest" tests="1" skipped="0" failures="0" errors="0" timestamp="2015-02-22T01:07:30" hostname="Keimis-Air.lan" time="0.208">
  <properties/>
  <testcase name="shouldBeAbleToExecuteSubtractInstruction" classname="sml.SubInstructionTest" time="0.208"/>
  <system-out><![CDATA[]]></system-out>
  <system-err><![CDATA[]]></system-err>
</testsuite>
