<?xml version="1.0" encoding="UTF-8"?>
<testsuite name="sml.SubInstructionTest" tests="2" skipped="0" failures="0" errors="0" timestamp="2015-02-22T12:52:14" hostname="Keimis-Air.lan" time="0.018">
  <properties/>
  <testcase name="shouldBeAbleToGetToString" classname="sml.SubInstructionTest" time="0.002"/>
  <testcase name="shouldBeAbleToExecuteSubtractInstruction" classname="sml.SubInstructionTest" time="0.015"/>
  <system-out><![CDATA[]]></system-out>
  <system-err><![CDATA[]]></system-err>
</testsuite>
