<?xml version="1.0" encoding="UTF-8"?>
<testsuite name="sml.BnzInstructionTest" tests="2" skipped="0" failures="0" errors="0" timestamp="2015-02-22T13:34:40" hostname="Keimis-Air.lan" time="0.284">
  <properties/>
  <testcase name="shouldBeAbleToGetToString" classname="sml.BnzInstructionTest" time="0.232"/>
  <testcase name="shouldBeAbleToExecuteSubtractInstruction" classname="sml.BnzInstructionTest" time="0.051"/>
  <system-out><![CDATA[]]></system-out>
  <system-err><![CDATA[]]></system-err>
</testsuite>
