<?xml version="1.0" encoding="UTF-8"?>
<testsuite name="sml.SubInstructionTest" tests="1" skipped="0" failures="0" errors="0" timestamp="2015-02-22T01:29:48" hostname="Keimis-Air.lan" time="0.141">
  <properties/>
  <testcase name="shouldBeAbleToGetToString" classname="sml.SubInstructionTest" time="0.141"/>
  <system-out><![CDATA[]]></system-out>
  <system-err><![CDATA[]]></system-err>
</testsuite>
