<?xml version="1.0" encoding="UTF-8"?>
<testsuite name="sml.MulInstructionTest" tests="2" skipped="0" failures="0" errors="0" timestamp="2015-02-22T12:52:14" hostname="Keimis-Air.lan" time="0.009">
  <properties/>
  <testcase name="shouldBeAbleToGetToString" classname="sml.MulInstructionTest" time="0.0"/>
  <testcase name="shouldBeAbleToExecuteSubtractInstruction" classname="sml.MulInstructionTest" time="0.006"/>
  <system-out><![CDATA[]]></system-out>
  <system-err><![CDATA[]]></system-err>
</testsuite>
